{"logTime": "1003/031358", "correlationVector":"xxj1UKr0Jtr+tBPxdrZqm6.0","action":"FeedSettingFetch_homeCloud", "result":"0", "context":{}}
{"logTime": "1003/031358", "correlationVector":"2PSwQwuhFkDqfNI4w3dm55.1","action":"SyncServerConnectionManagerRequest", "result":"SYNC_SERVER_OK", "context":{"environment":"Prod_SoutheastAsia", "server":"GENERAL0100001G"}}
{"logTime": "1003/031358", "correlationVector":"2PSwQwuhFkDqfNI4w3dm55","action":"Initial GetUpdates", "result":"", "context":Reason: NEW_CLIENT. cV=2PSwQwuhFkDqfNI4w3dm55}
{"logTime": "1003/031358", "correlationVector":"2PSwQwuhFkDqfNI4w3dm55.2","action":"GetUpdates Response", "result":"SYNCER_OK", "context":Received 1 update(s). cV=2PSwQwuhFkDqfNI4w3dm55.0;server=GENERAL0100001G;cloudType=Consumer;environment=Prod_SoutheastAsia}
{"logTime": "1003/031401", "correlationVector":"/0eCzxGrNK8W4xSaRO7kpP","action":"SyncServerConnectionManagerRequest", "result":"SYNC_SERVER_OK", "context":{"environment":"", "server":""}}
{"logTime": "1003/031401", "correlationVector":"X1cElsniSfJOl2vnRFv8Bq","action":"Initial GetUpdates", "result":"", "context":Reason: NEW_CLIENT. cV=X1cElsniSfJOl2vnRFv8Bq}
{"logTime": "1003/031401", "correlationVector":"X1cElsniSfJOl2vnRFv8Bq.1","action":"SyncServerConnectionManagerRequest", "result":"SYNC_SERVER_OK", "context":{"environment":"Prod_SoutheastAsia", "server":"GENERAL0100000R"}}
{"logTime": "1003/031401", "correlationVector":"X1cElsniSfJOl2vnRFv8Bq.2","action":"GetUpdates Response", "result":"SYNCER_OK", "context":Received 8 update(s). cV=X1cElsniSfJOl2vnRFv8Bq.0;server=GENERAL0100000R;cloudType=Consumer;environment=Prod_SoutheastAsia}
{"logTime": "1003/031401", "correlationVector":"eF+MyIr5BiBN4lgWJrPO5g","action":"Normal GetUpdate request", "result":"", "context":cV=eF+MyIr5BiBN4lgWJrPO5g
Nudged types: Device Info, User Consents
Refresh requested types: Device Info, User Consents, Send Tab To Self, Encryption Keys}
{"logTime": "1003/031401", "correlationVector":"eF+MyIr5BiBN4lgWJrPO5g.1","action":"SyncServerConnectionManagerRequest", "result":"SYNC_SERVER_OK", "context":{"environment":"Prod_SoutheastAsia", "server":"GENERAL0100001J"}}
{"logTime": "1003/031401", "correlationVector":"eF+MyIr5BiBN4lgWJrPO5g.2","action":"GetUpdates Response", "result":"SYNCER_OK", "context":Received 0 update(s). cV=eF+MyIr5BiBN4lgWJrPO5g.0;server=GENERAL0100001J;cloudType=Consumer;environment=Prod_SoutheastAsia}
{"logTime": "1003/031401", "correlationVector":"dd4QP+hOyio4j/M/UiwC5d","action":"Commit Request", "result":"", "context":Item count: 1
Contributing types: Device Info}
{"logTime": "1003/031402", "correlationVector":"dd4QP+hOyio4j/M/UiwC5d.1","action":"SyncServerConnectionManagerRequest", "result":"SYNC_SERVER_OK", "context":{"environment":"Prod_SoutheastAsia", "server":"GENERAL0100001C"}}
{"logTime": "1003/031402", "correlationVector":"dd4QP+hOyio4j/M/UiwC5d.2","action":"Commit Response", "result":"SYNCER_OK", "context":Result: SYNCER_OK. cV=dd4QP+hOyio4j/M/UiwC5d.0;server=GENERAL0100001C;cloudType=Consumer;environment=Prod_SoutheastAsia}
{"logTime": "1003/031402", "correlationVector":"KPmA/ASUJM+FJON+yUz5mo","action":"Commit Request", "result":"", "context":Item count: 1
Contributing types: User Consents}
{"logTime": "1003/031402", "correlationVector":"KPmA/ASUJM+FJON+yUz5mo.1","action":"SyncServerConnectionManagerRequest", "result":"SYNC_SERVER_OK", "context":{"environment":"Prod_SoutheastAsia", "server":"GENERAL0100000T"}}
{"logTime": "1003/031402", "correlationVector":"KPmA/ASUJM+FJON+yUz5mo.2","action":"Commit Response", "result":"SYNCER_OK", "context":Result: SYNCER_OK. cV=KPmA/ASUJM+FJON+yUz5mo.0;server=GENERAL0100000T;cloudType=Consumer;environment=Prod_SoutheastAsia}
{"logTime": "1003/034602", "correlationVector":"deAQK/yJBaF5uv7nzpQjWU.0","action":"FeedSettingFetch_homeCloud", "result":"0", "context":{}}
{"logTime": "1003/034602", "correlationVector":"jBR3Gj7Ur3zjq1dzJoFOb7.1","action":"SyncServerConnectionManagerRequest", "result":"SYNC_SERVER_OK", "context":{"environment":"Prod_SoutheastAsia", "server":"GENERAL0100001F"}}
{"logTime": "1003/034602", "correlationVector":"jBR3Gj7Ur3zjq1dzJoFOb7","action":"Initial GetUpdates", "result":"", "context":Reason: NEW_CLIENT. cV=jBR3Gj7Ur3zjq1dzJoFOb7}
{"logTime": "1003/034602", "correlationVector":"jBR3Gj7Ur3zjq1dzJoFOb7.2","action":"GetUpdates Response", "result":"SYNCER_OK", "context":Received 1 update(s). cV=jBR3Gj7Ur3zjq1dzJoFOb7.0;server=GENERAL0100001F;cloudType=Consumer;environment=Prod_SoutheastAsia}
{"logTime": "1003/034602", "correlationVector":"Wbh2IU8V26Zwijcy6L5Fht","action":"Normal GetUpdate request", "result":"", "context":cV=Wbh2IU8V26Zwijcy6L5Fht
Refresh requested types: Device Info, User Consents, Send Tab To Self, Encryption Keys}
{"logTime": "1003/034602", "correlationVector":"Wbh2IU8V26Zwijcy6L5Fht.1","action":"SyncServerConnectionManagerRequest", "result":"SYNC_SERVER_OK", "context":{"environment":"Prod_SoutheastAsia", "server":"GENERAL0100000J"}}
{"logTime": "1003/034602", "correlationVector":"Wbh2IU8V26Zwijcy6L5Fht.2","action":"GetUpdates Response", "result":"SYNCER_OK", "context":Received 1 update(s). cV=Wbh2IU8V26Zwijcy6L5Fht.0;server=GENERAL0100000J;cloudType=Consumer;environment=Prod_SoutheastAsia}
{"logTime": "1003/051601", "correlationVector":"1YnkQzpYuDhhnBADpD3J1R.0","action":"FeedSettingFetch_homeCloud", "result":"0", "context":{}}
{"logTime": "1003/051601", "correlationVector":"W3N69P0T4lyJP/0Qb4TPyP.1","action":"SyncServerConnectionManagerRequest", "result":"SYNC_SERVER_OK", "context":{"environment":"Prod_SoutheastAsia", "server":"GENERAL0100000N"}}
{"logTime": "1003/051601", "correlationVector":"W3N69P0T4lyJP/0Qb4TPyP","action":"Initial GetUpdates", "result":"", "context":Reason: NEW_CLIENT. cV=W3N69P0T4lyJP/0Qb4TPyP}
{"logTime": "1003/051601", "correlationVector":"W3N69P0T4lyJP/0Qb4TPyP.2","action":"GetUpdates Response", "result":"SYNCER_OK", "context":Received 1 update(s). cV=W3N69P0T4lyJP/0Qb4TPyP.0;server=GENERAL0100000N;cloudType=Consumer;environment=Prod_SoutheastAsia}
{"logTime": "1003/051601", "correlationVector":"1qcNd/nmcxEj1KEOoCgjXf","action":"Normal GetUpdate request", "result":"", "context":cV=1qcNd/nmcxEj1KEOoCgjXf
Refresh requested types: Device Info, User Consents, Send Tab To Self, Encryption Keys}
{"logTime": "1003/051601", "correlationVector":"1qcNd/nmcxEj1KEOoCgjXf.1","action":"SyncServerConnectionManagerRequest", "result":"SYNC_SERVER_OK", "context":{"environment":"Prod_SoutheastAsia", "server":"GENERAL0100000Z"}}
{"logTime": "1003/051601", "correlationVector":"1qcNd/nmcxEj1KEOoCgjXf.2","action":"GetUpdates Response", "result":"SYNCER_OK", "context":Received 0 update(s). cV=1qcNd/nmcxEj1KEOoCgjXf.0;server=GENERAL0100000Z;cloudType=Consumer;environment=Prod_SoutheastAsia}
{"logTime": "1004/035646", "correlationVector":"V2qeafjKL/YEIfeM0fXTpS.0","action":"FeedSettingFetch_homeCloud", "result":"0", "context":{}}
{"logTime": "1004/035646", "correlationVector":"43XCrywc888o9613eEfRUr.1","action":"SyncServerConnectionManagerRequest", "result":"SYNC_SERVER_OK", "context":{"environment":"Prod_SoutheastAsia", "server":"GENERAL0100001I"}}
{"logTime": "1004/035646", "correlationVector":"43XCrywc888o9613eEfRUr","action":"Initial GetUpdates", "result":"", "context":Reason: NEW_CLIENT. cV=43XCrywc888o9613eEfRUr}
{"logTime": "1004/035646", "correlationVector":"43XCrywc888o9613eEfRUr.2","action":"GetUpdates Response", "result":"SYNCER_OK", "context":Received 1 update(s). cV=43XCrywc888o9613eEfRUr.0;server=GENERAL0100001I;cloudType=Consumer;environment=Prod_SoutheastAsia}
{"logTime": "1004/035646", "correlationVector":"urvpnxrH0PjeAv+UznFQa0","action":"Normal GetUpdate request", "result":"", "context":cV=urvpnxrH0PjeAv+UznFQa0
Nudged types: Device Info
Refresh requested types: Device Info, User Consents, Send Tab To Self, Encryption Keys}
{"logTime": "1004/035646", "correlationVector":"urvpnxrH0PjeAv+UznFQa0.1","action":"SyncServerConnectionManagerRequest", "result":"SYNC_SERVER_OK", "context":{"environment":"Prod_SoutheastAsia", "server":"GENERAL0100000C"}}
{"logTime": "1004/035646", "correlationVector":"urvpnxrH0PjeAv+UznFQa0.2","action":"GetUpdates Response", "result":"SYNCER_OK", "context":Received 1 update(s). cV=urvpnxrH0PjeAv+UznFQa0.0;server=GENERAL0100000C;cloudType=Consumer;environment=Prod_SoutheastAsia}
{"logTime": "1004/035646", "correlationVector":"xG31JgJEeax0FUYQcugGki","action":"Commit Request", "result":"", "context":Item count: 1
Contributing types: Device Info}
{"logTime": "1004/035646", "correlationVector":"xG31JgJEeax0FUYQcugGki.1","action":"SyncServerConnectionManagerRequest", "result":"SYNC_SERVER_OK", "context":{"environment":"Prod_SoutheastAsia", "server":"GENERAL01000015"}}
{"logTime": "1004/035646", "correlationVector":"xG31JgJEeax0FUYQcugGki.2","action":"Commit Response", "result":"SYNCER_OK", "context":Result: SYNCER_OK. cV=xG31JgJEeax0FUYQcugGki.0;server=GENERAL01000015;cloudType=Consumer;environment=Prod_SoutheastAsia}
{"logTime": "1004/035646", "correlationVector":"A8kGn8PW7xyCa9HmqPsfpn","action":"Normal GetUpdate request", "result":"", "context":cV=A8kGn8PW7xyCa9HmqPsfpn
Nudged types: Device Info}
{"logTime": "1004/035646", "correlationVector":"A8kGn8PW7xyCa9HmqPsfpn.1","action":"SyncServerConnectionManagerRequest", "result":"SYNC_SERVER_OK", "context":{"environment":"Prod_SoutheastAsia", "server":"GENERAL01000011"}}
{"logTime": "1004/035646", "correlationVector":"A8kGn8PW7xyCa9HmqPsfpn.2","action":"GetUpdates Response", "result":"SYNCER_OK", "context":Received 1 update(s). cV=A8kGn8PW7xyCa9HmqPsfpn.0;server=GENERAL01000011;cloudType=Consumer;environment=Prod_SoutheastAsia}
{"logTime": "1004/035714", "correlationVector":"jHL/GXHPavqgR2M/EclYvu","action":"SyncServerConnectionManagerRequest", "result":"SYNC_SERVER_OK", "context":{"environment":"", "server":""}}
{"logTime": "1004/035714", "correlationVector":"k9AyVu2fwkR1IpKR+i7A0F","action":"Poll GetUpdate request", "result":"", "context":cV=k9AyVu2fwkR1IpKR+i7A0F}
{"logTime": "1004/035714", "correlationVector":"k9AyVu2fwkR1IpKR+i7A0F.1","action":"SyncServerConnectionManagerRequest", "result":"SYNC_SERVER_OK", "context":{"environment":"Prod_SoutheastAsia", "server":"GENERAL0100000P"}}
{"logTime": "1004/035714", "correlationVector":"k9AyVu2fwkR1IpKR+i7A0F.2","action":"GetUpdates Response", "result":"SYNCER_OK", "context":Received 0 update(s). cV=k9AyVu2fwkR1IpKR+i7A0F.0;server=GENERAL0100000P;cloudType=Consumer;environment=Prod_SoutheastAsia}
{"logTime": "1004/035714", "correlationVector":"TASjBtBzEmT/LiIxkUurWj","action":"Normal GetUpdate request", "result":"", "context":cV=TASjBtBzEmT/LiIxkUurWj
Refresh requested types: Device Info, User Consents, Send Tab To Self, Encryption Keys}
{"logTime": "1004/035714", "correlationVector":"TASjBtBzEmT/LiIxkUurWj.1","action":"SyncServerConnectionManagerRequest", "result":"SYNC_SERVER_OK", "context":{"environment":"Prod_SoutheastAsia", "server":"GENERAL0100000I"}}
{"logTime": "1004/035714", "correlationVector":"TASjBtBzEmT/LiIxkUurWj.2","action":"GetUpdates Response", "result":"SYNCER_OK", "context":Received 0 update(s). cV=TASjBtBzEmT/LiIxkUurWj.0;server=GENERAL0100000I;cloudType=Consumer;environment=Prod_SoutheastAsia}
{"logTime": "1004/041131", "correlationVector":"im32m/iJOw4m16aNhzWMw2.0","action":"FeedSettingFetch_homeCloud", "result":"0", "context":{}}
{"logTime": "1004/041131", "correlationVector":"s1nLsMlngN9P+vcL9CT3N9.1","action":"SyncServerConnectionManagerRequest", "result":"SYNC_SERVER_OK", "context":{"environment":"Prod_SoutheastAsia", "server":"GENERAL0100000Y"}}
{"logTime": "1004/041131", "correlationVector":"s1nLsMlngN9P+vcL9CT3N9","action":"Initial GetUpdates", "result":"", "context":Reason: NEW_CLIENT. cV=s1nLsMlngN9P+vcL9CT3N9}
{"logTime": "1004/041131", "correlationVector":"s1nLsMlngN9P+vcL9CT3N9.2","action":"GetUpdates Response", "result":"SYNCER_OK", "context":Received 1 update(s). cV=s1nLsMlngN9P+vcL9CT3N9.0;server=GENERAL0100000Y;cloudType=Consumer;environment=Prod_SoutheastAsia}
{"logTime": "1004/041131", "correlationVector":"Is+2uEarVdjk6+aXtKwT8E","action":"Normal GetUpdate request", "result":"", "context":cV=Is+2uEarVdjk6+aXtKwT8E
Refresh requested types: Device Info, User Consents, Send Tab To Self, Encryption Keys}
{"logTime": "1004/041131", "correlationVector":"Is+2uEarVdjk6+aXtKwT8E.1","action":"SyncServerConnectionManagerRequest", "result":"SYNC_SERVER_OK", "context":{"environment":"Prod_SoutheastAsia", "server":"GENERAL0100000P"}}
{"logTime": "1004/041131", "correlationVector":"Is+2uEarVdjk6+aXtKwT8E.2","action":"GetUpdates Response", "result":"SYNCER_OK", "context":Received 0 update(s). cV=Is+2uEarVdjk6+aXtKwT8E.0;server=GENERAL0100000P;cloudType=Consumer;environment=Prod_SoutheastAsia}
{"logTime": "1005/042711", "correlationVector":"zrP6aSVQz3Cq7QOmRmPe8c.0","action":"FeedSettingFetch_homeCloud", "result":"0", "context":{}}
{"logTime": "1005/042711", "correlationVector":"pDVVUTAYDRS03okdjvE7rh.1","action":"SyncServerConnectionManagerRequest", "result":"SYNC_SERVER_OK", "context":{"environment":"Prod_SoutheastAsia", "server":"GENERAL0100001I"}}
{"logTime": "1005/042711", "correlationVector":"pDVVUTAYDRS03okdjvE7rh","action":"Initial GetUpdates", "result":"", "context":Reason: NEW_CLIENT. cV=pDVVUTAYDRS03okdjvE7rh}
{"logTime": "1005/042711", "correlationVector":"pDVVUTAYDRS03okdjvE7rh.2","action":"GetUpdates Response", "result":"SYNCER_OK", "context":Received 1 update(s). cV=pDVVUTAYDRS03okdjvE7rh.0;server=GENERAL0100001I;cloudType=Consumer;environment=Prod_SoutheastAsia}
{"logTime": "1005/042711", "correlationVector":"JxgT4IejoWlY91/yVdhN5z","action":"Normal GetUpdate request", "result":"", "context":cV=JxgT4IejoWlY91/yVdhN5z
Nudged types: Device Info
Refresh requested types: Device Info, User Consents, Send Tab To Self, Encryption Keys}
{"logTime": "1005/042711", "correlationVector":"JxgT4IejoWlY91/yVdhN5z.1","action":"SyncServerConnectionManagerRequest", "result":"SYNC_SERVER_OK", "context":{"environment":"Prod_SoutheastAsia", "server":"GENERAL0100000H"}}
{"logTime": "1005/042711", "correlationVector":"JxgT4IejoWlY91/yVdhN5z.2","action":"GetUpdates Response", "result":"SYNCER_OK", "context":Received 1 update(s). cV=JxgT4IejoWlY91/yVdhN5z.0;server=GENERAL0100000H;cloudType=Consumer;environment=Prod_SoutheastAsia}
{"logTime": "1005/042711", "correlationVector":"QYy3Ydn6tiDK477LaSB8Im","action":"Commit Request", "result":"", "context":Item count: 1
Contributing types: Device Info}
{"logTime": "1005/042711", "correlationVector":"QYy3Ydn6tiDK477LaSB8Im.1","action":"SyncServerConnectionManagerRequest", "result":"SYNC_SERVER_OK", "context":{"environment":"Prod_SoutheastAsia", "server":"GENERAL01000004"}}
{"logTime": "1005/042711", "correlationVector":"QYy3Ydn6tiDK477LaSB8Im.2","action":"Commit Response", "result":"SYNCER_OK", "context":Result: SYNCER_OK. cV=QYy3Ydn6tiDK477LaSB8Im.0;server=GENERAL01000004;cloudType=Consumer;environment=Prod_SoutheastAsia}
{"logTime": "1005/042711", "correlationVector":"jqmxtK1FGBYxtCzWfdZBgu","action":"Normal GetUpdate request", "result":"", "context":cV=jqmxtK1FGBYxtCzWfdZBgu
Nudged types: Device Info}
{"logTime": "1005/042711", "correlationVector":"jqmxtK1FGBYxtCzWfdZBgu.1","action":"SyncServerConnectionManagerRequest", "result":"SYNC_SERVER_OK", "context":{"environment":"Prod_SoutheastAsia", "server":"GENERAL0100000K"}}
{"logTime": "1005/042711", "correlationVector":"jqmxtK1FGBYxtCzWfdZBgu.2","action":"GetUpdates Response", "result":"SYNCER_OK", "context":Received 1 update(s). cV=jqmxtK1FGBYxtCzWfdZBgu.0;server=GENERAL0100000K;cloudType=Consumer;environment=Prod_SoutheastAsia}
{"logTime": "1005/042941", "correlationVector":"ywkhg16FteXMmQi4oLZJxC","action":"SyncServerConnectionManagerRequest", "result":"SYNC_SERVER_OK", "context":{"environment":"", "server":""}}
{"logTime": "1005/042941", "correlationVector":"2MLZ85zuoB7BD8N0sNbJGG","action":"Poll GetUpdate request", "result":"", "context":cV=2MLZ85zuoB7BD8N0sNbJGG}
{"logTime": "1005/042941", "correlationVector":"2MLZ85zuoB7BD8N0sNbJGG.1","action":"SyncServerConnectionManagerRequest", "result":"SYNC_SERVER_OK", "context":{"environment":"Prod_SoutheastAsia", "server":"GENERAL0100000D"}}
{"logTime": "1005/042941", "correlationVector":"2MLZ85zuoB7BD8N0sNbJGG.2","action":"GetUpdates Response", "result":"SYNCER_OK", "context":Received 0 update(s). cV=2MLZ85zuoB7BD8N0sNbJGG.0;server=GENERAL0100000D;cloudType=Consumer;environment=Prod_SoutheastAsia}
{"logTime": "1005/042941", "correlationVector":"7I1S+OZqJyDDY6fLzPuUg4","action":"Normal GetUpdate request", "result":"", "context":cV=7I1S+OZqJyDDY6fLzPuUg4
Refresh requested types: Device Info, User Consents, Send Tab To Self, Encryption Keys}
{"logTime": "1005/042941", "correlationVector":"7I1S+OZqJyDDY6fLzPuUg4.1","action":"SyncServerConnectionManagerRequest", "result":"SYNC_SERVER_OK", "context":{"environment":"Prod_SoutheastAsia", "server":"GENERAL0100000T"}}
{"logTime": "1005/042941", "correlationVector":"7I1S+OZqJyDDY6fLzPuUg4.2","action":"GetUpdates Response", "result":"SYNCER_OK", "context":Received 0 update(s). cV=7I1S+OZqJyDDY6fLzPuUg4.0;server=GENERAL0100000T;cloudType=Consumer;environment=Prod_SoutheastAsia}
{"logTime": "1005/050924", "correlationVector":"KNAWwZedc2IoHOPiJUaBjn.0","action":"FeedSettingFetch_homeCloud", "result":"0", "context":{}}
{"logTime": "1005/050924", "correlationVector":"qDDUYkecojFEZfDBG9uxig.1","action":"SyncServerConnectionManagerRequest", "result":"SYNC_SERVER_OK", "context":{"environment":"Prod_SoutheastAsia", "server":"GENERAL0100000A"}}
{"logTime": "1005/050924", "correlationVector":"qDDUYkecojFEZfDBG9uxig","action":"Initial GetUpdates", "result":"", "context":Reason: NEW_CLIENT. cV=qDDUYkecojFEZfDBG9uxig}
{"logTime": "1005/050924", "correlationVector":"qDDUYkecojFEZfDBG9uxig.2","action":"GetUpdates Response", "result":"SYNCER_OK", "context":Received 1 update(s). cV=qDDUYkecojFEZfDBG9uxig.0;server=GENERAL0100000A;cloudType=Consumer;environment=Prod_SoutheastAsia}
{"logTime": "1005/050924", "correlationVector":"765vcEXprtenKpX91pQMtD","action":"Normal GetUpdate request", "result":"", "context":cV=765vcEXprtenKpX91pQMtD
Refresh requested types: Device Info, User Consents, Send Tab To Self, Encryption Keys}
{"logTime": "1005/050924", "correlationVector":"765vcEXprtenKpX91pQMtD.1","action":"SyncServerConnectionManagerRequest", "result":"SYNC_SERVER_OK", "context":{"environment":"Prod_SoutheastAsia", "server":"GENERAL0100000R"}}
{"logTime": "1005/050924", "correlationVector":"765vcEXprtenKpX91pQMtD.2","action":"GetUpdates Response", "result":"SYNCER_OK", "context":Received 0 update(s). cV=765vcEXprtenKpX91pQMtD.0;server=GENERAL0100000R;cloudType=Consumer;environment=Prod_SoutheastAsia}
{"logTime": "1005/061204", "correlationVector":"w0ZHCZU/wIXbPLGsmJkJZ0.0","action":"FeedSettingFetch_homeCloud", "result":"0", "context":{}}
{"logTime": "1005/061204", "correlationVector":"EXJAVpV5NLmO8ezktqYhoB.1","action":"SyncServerConnectionManagerRequest", "result":"SYNC_SERVER_OK", "context":{"environment":"Prod_SoutheastAsia", "server":"GENERAL0100001D"}}
{"logTime": "1005/061204", "correlationVector":"EXJAVpV5NLmO8ezktqYhoB","action":"Initial GetUpdates", "result":"", "context":Reason: NEW_CLIENT. cV=EXJAVpV5NLmO8ezktqYhoB}
{"logTime": "1005/061204", "correlationVector":"EXJAVpV5NLmO8ezktqYhoB.2","action":"GetUpdates Response", "result":"SYNCER_OK", "context":Received 1 update(s). cV=EXJAVpV5NLmO8ezktqYhoB.0;server=GENERAL0100001D;cloudType=Consumer;environment=Prod_SoutheastAsia}
{"logTime": "1005/061204", "correlationVector":"3bTaeEoMz4oIRQR4vNXiUv","action":"Normal GetUpdate request", "result":"", "context":cV=3bTaeEoMz4oIRQR4vNXiUv
Refresh requested types: Device Info, User Consents, Send Tab To Self, Encryption Keys}
{"logTime": "1005/061204", "correlationVector":"3bTaeEoMz4oIRQR4vNXiUv.1","action":"SyncServerConnectionManagerRequest", "result":"SYNC_SERVER_OK", "context":{"environment":"Prod_SoutheastAsia", "server":"GENERAL01000009"}}
{"logTime": "1005/061204", "correlationVector":"3bTaeEoMz4oIRQR4vNXiUv.2","action":"GetUpdates Response", "result":"SYNCER_OK", "context":Received 0 update(s). cV=3bTaeEoMz4oIRQR4vNXiUv.0;server=GENERAL01000009;cloudType=Consumer;environment=Prod_SoutheastAsia}
{"logTime": "1005/084308", "correlationVector":"U8pqeSlTzKhAU/QrgQM9QY.0","action":"FeedSettingFetch_homeCloud", "result":"0", "context":{}}
{"logTime": "1005/084308", "correlationVector":"JtQRyKz9IQ6KOx+uJDbTlr.1","action":"SyncServerConnectionManagerRequest", "result":"SYNC_SERVER_OK", "context":{"environment":"Prod_SoutheastAsia", "server":"GENERAL0100000K"}}
{"logTime": "1005/084308", "correlationVector":"JtQRyKz9IQ6KOx+uJDbTlr","action":"Initial GetUpdates", "result":"", "context":Reason: NEW_CLIENT. cV=JtQRyKz9IQ6KOx+uJDbTlr}
{"logTime": "1005/084308", "correlationVector":"JtQRyKz9IQ6KOx+uJDbTlr.2","action":"GetUpdates Response", "result":"SYNCER_OK", "context":Received 1 update(s). cV=JtQRyKz9IQ6KOx+uJDbTlr.0;server=GENERAL0100000K;cloudType=Consumer;environment=Prod_SoutheastAsia}
{"logTime": "1005/084308", "correlationVector":"vIc2eAXGTdiuDMO11zEL5F","action":"Normal GetUpdate request", "result":"", "context":cV=vIc2eAXGTdiuDMO11zEL5F
Refresh requested types: Device Info, User Consents, Send Tab To Self, Encryption Keys}
{"logTime": "1005/084308", "correlationVector":"vIc2eAXGTdiuDMO11zEL5F.1","action":"SyncServerConnectionManagerRequest", "result":"SYNC_SERVER_OK", "context":{"environment":"Prod_SoutheastAsia", "server":"GENERAL0100000H"}}
{"logTime": "1005/084308", "correlationVector":"vIc2eAXGTdiuDMO11zEL5F.2","action":"GetUpdates Response", "result":"SYNCER_OK", "context":Received 0 update(s). cV=vIc2eAXGTdiuDMO11zEL5F.0;server=GENERAL0100000H;cloudType=Consumer;environment=Prod_SoutheastAsia}
